{"/home/cedcoss/data/cursorapp/test-server/sustainable-marketplace-app/playwright.config.js":{"path":"/home/cedcoss/data/cursorapp/test-server/sustainable-marketplace-app/playwright.config.js","statementMap":{"0":{"start":{"line":3,"column":0},"end":{"line":5,"column":3}},"1":{"start":{"line":6,"column":0},"end":{"line":6,"column":25}},"2":{"start":{"line":7,"column":12},"end":{"line":7,"column":39}},"3":{"start":{"line":8,"column":15},"end":{"line":20,"column":2}}},"fnMap":{},"branchMap":{},"s":{"0":1,"1":1,"2":1,"3":1},"f":{},"b":{},"inputSourceMap":{"version":3,"names":["_test","require","_default","exports","default","defineConfig","testDir","use","baseURL","headless","projects","name","devices"],"sources":["playwright.config.js"],"sourcesContent":["import { defineConfig, devices } from '@playwright/test';\n\nexport default defineConfig({\n  testDir: './e2e',\n\n  use: {\n    baseURL: 'https://ananya-staging.myshopify.com/',\n    headless: true, // set to false if you want to see the browser\n  },\n\n  projects: [\n    {\n      name: 'chromium',\n      use: { ...devices['Desktop Chrome'] },\n    },\n  ],\n});\n"],"mappings":";;;;;;AAAA,IAAAA,KAAA,GAAAC,OAAA;AAAyD,IAAAC,QAAA,GAAAC,OAAA,CAAAC,OAAA,GAE1C,IAAAC,kBAAY,EAAC;EAC1BC,OAAO,EAAE,OAAO;EAEhBC,GAAG,EAAE;IACHC,OAAO,EAAE,uCAAuC;IAChDC,QAAQ,EAAE,IAAI,CAAE;EAClB,CAAC;EAEDC,QAAQ,EAAE,CACR;IACEC,IAAI,EAAE,UAAU;IAChBJ,GAAG,EAAE;MAAE,GAAGK,aAAO,CAAC,gBAAgB;IAAE;EACtC,CAAC;AAEL,CAAC,CAAC","ignoreList":[]},"_coverageSchema":"1a1c01bbd47fc00a2c39e90264f33305004495a9","hash":"f71811ad0363bfbfc7da546ea5b87eefd7a71db3","contentHash":"edb0db33963ce193a994050e6fb5c1781525404d5916a8811b97a6081aa8efd1"},"/home/cedcoss/data/cursorapp/test-server/sustainable-marketplace-app/e2e/cart.spec.ts":{"path":"/home/cedcoss/data/cursorapp/test-server/sustainable-marketplace-app/e2e/cart.spec.ts","statementMap":{"0":{"start":{"line":3,"column":12},"end":{"line":3,"column":39}},"1":{"start":{"line":4,"column":0},"end":{"line":45,"column":3}},"2":{"start":{"line":5,"column":19},"end":{"line":5,"column":58}},"3":{"start":{"line":6,"column":29},"end":{"line":6,"column":37}},"4":{"start":{"line":7,"column":30},"end":{"line":7,"column":53}},"5":{"start":{"line":8,"column":26},"end":{"line":8,"column":40}},"6":{"start":{"line":9,"column":2},"end":{"line":44,"column":5}},"7":{"start":{"line":13,"column":4},"end":{"line":15,"column":7}},"8":{"start":{"line":16,"column":26},"end":{"line":16,"column":64}},"9":{"start":{"line":17,"column":4},"end":{"line":22,"column":5}},"10":{"start":{"line":18,"column":6},"end":{"line":18,"column":56}},"11":{"start":{"line":19,"column":6},"end":{"line":19,"column":51}},"12":{"start":{"line":20,"column":6},"end":{"line":20,"column":48}},"13":{"start":{"line":21,"column":6},"end":{"line":21,"column":49}},"14":{"start":{"line":23,"column":4},"end":{"line":23,"column":58}},"15":{"start":{"line":26,"column":4},"end":{"line":28,"column":7}},"16":{"start":{"line":31,"column":28},"end":{"line":31,"column":123}},"17":{"start":{"line":32,"column":4},"end":{"line":34,"column":7}},"18":{"start":{"line":35,"column":4},"end":{"line":35,"column":34}},"19":{"start":{"line":36,"column":4},"end":{"line":36,"column":66}},"20":{"start":{"line":39,"column":23},"end":{"line":39,"column":91}},"21":{"start":{"line":40,"column":4},"end":{"line":42,"column":7}},"22":{"start":{"line":43,"column":4},"end":{"line":43,"column":82}}},"fnMap":{"0":{"name":"(anonymous_0)","decl":{"start":{"line":4,"column":49},"end":{"line":4,"column":50}},"loc":{"start":{"line":4,"column":55},"end":{"line":45,"column":1}},"line":4},"1":{"name":"(anonymous_1)","decl":{"start":{"line":9,"column":58},"end":{"line":9,"column":59}},"loc":{"start":{"line":11,"column":8},"end":{"line":44,"column":3}},"line":11}},"branchMap":{"0":{"loc":{"start":{"line":17,"column":4},"end":{"line":22,"column":5}},"type":"if","locations":[{"start":{"line":17,"column":4},"end":{"line":22,"column":5}},{"start":{},"end":{}}],"line":17}},"s":{"0":1,"1":1,"2":1,"3":1,"4":1,"5":1,"6":1,"7":1,"8":1,"9":1,"10":1,"11":1,"12":1,"13":1,"14":1,"15":1,"16":1,"17":1,"18":1,"19":1,"20":1,"21":1,"22":1},"f":{"0":1,"1":1},"b":{"0":[1,0]},"inputSourceMap":{"version":3,"names":["_test","require","test","describe","storeUrl","storefrontPassword","skiWaxProductHandle","mainProductName","page","goto","waitUntil","passwordField","locator","isVisible","console","log","fill","click","waitForLoadState","addToCartButton","first","expect","toBeVisible","timeout","cartDrawer"],"sources":["cart.spec.ts"],"sourcesContent":["import { test, expect } from '@playwright/test';\n \ntest.describe('Add to Cart functionality', () => {\n  const storeUrl = 'https://ananya-staging.myshopify.com/';\n  const storefrontPassword = 'euckis';\n  const skiWaxProductHandle = 'selling-plans-ski-wax'; // product handle\n  const mainProductName = 'Blue trouser'; \n \n  test('should login and add product to cart', async ({ page }) => {\n    // 1. Go to storefront and handle password page\n    await page.goto(storeUrl, { waitUntil: 'domcontentloaded' });\n    \n    const passwordField = page.locator('input[type=\"password\"]');\n    if (await passwordField.isVisible()) {\n      console.log('🔐 Entering storefront password...');\n      await passwordField.fill(storefrontPassword);\n      await page.click('button[type=\"submit\"]');\n      await page.waitForLoadState('networkidle');\n    }\n \n    console.log('✅ Logged into storefront successfully.');\n \n    // 2. Go directly to product page\n    await page.goto(`${storeUrl}products/${skiWaxProductHandle}`, { waitUntil: 'domcontentloaded' });\n \n    // 3. Add product to cart\n    const addToCartButton = page.locator(\n      'button:has-text(\"Add to cart\"), [data-add-to-cart], .add-to-cart-button'\n    ).first();\n    await expect(addToCartButton).toBeVisible({ timeout: 10000 });\n    await addToCartButton.click();\n    console.log(`🛒 Added product \"${mainProductName}\" to cart.`);\n \n    // 4. Verify cart notification or drawer appears\n    const cartDrawer = page.locator('.cart-notification, .cart-drawer, [data-cart-drawer]');\n    await expect(cartDrawer).toBeVisible({ timeout: 5000 });\n    console.log('✅ Cart drawer or notification is visible after adding product.');\n  });\n});\n"],"mappings":";;AAAA,IAAAA,KAAA,GAAAC,OAAA;AAEAC,UAAI,CAACC,QAAQ,CAAC,2BAA2B,EAAE,MAAM;EAC/C,MAAMC,QAAQ,GAAG,uCAAuC;EACxD,MAAMC,kBAAkB,GAAG,QAAQ;EACnC,MAAMC,mBAAmB,GAAG,uBAAuB,CAAC,CAAC;EACrD,MAAMC,eAAe,GAAG,cAAc;EAEtC,IAAAL,UAAI,EAAC,sCAAsC,EAAE,OAAO;IAAEM;EAAK,CAAC,KAAK;IAC/D;IACA,MAAMA,IAAI,CAACC,IAAI,CAACL,QAAQ,EAAE;MAAEM,SAAS,EAAE;IAAmB,CAAC,CAAC;IAE5D,MAAMC,aAAa,GAAGH,IAAI,CAACI,OAAO,CAAC,wBAAwB,CAAC;IAC5D,IAAI,MAAMD,aAAa,CAACE,SAAS,CAAC,CAAC,EAAE;MACnCC,OAAO,CAACC,GAAG,CAAC,oCAAoC,CAAC;MACjD,MAAMJ,aAAa,CAACK,IAAI,CAACX,kBAAkB,CAAC;MAC5C,MAAMG,IAAI,CAACS,KAAK,CAAC,uBAAuB,CAAC;MACzC,MAAMT,IAAI,CAACU,gBAAgB,CAAC,aAAa,CAAC;IAC5C;IAEAJ,OAAO,CAACC,GAAG,CAAC,wCAAwC,CAAC;;IAErD;IACA,MAAMP,IAAI,CAACC,IAAI,CAAC,GAAGL,QAAQ,YAAYE,mBAAmB,EAAE,EAAE;MAAEI,SAAS,EAAE;IAAmB,CAAC,CAAC;;IAEhG;IACA,MAAMS,eAAe,GAAGX,IAAI,CAACI,OAAO,CAClC,yEACF,CAAC,CAACQ,KAAK,CAAC,CAAC;IACT,MAAM,IAAAC,YAAM,EAACF,eAAe,CAAC,CAACG,WAAW,CAAC;MAAEC,OAAO,EAAE;IAAM,CAAC,CAAC;IAC7D,MAAMJ,eAAe,CAACF,KAAK,CAAC,CAAC;IAC7BH,OAAO,CAACC,GAAG,CAAC,qBAAqBR,eAAe,YAAY,CAAC;;IAE7D;IACA,MAAMiB,UAAU,GAAGhB,IAAI,CAACI,OAAO,CAAC,sDAAsD,CAAC;IACvF,MAAM,IAAAS,YAAM,EAACG,UAAU,CAAC,CAACF,WAAW,CAAC;MAAEC,OAAO,EAAE;IAAK,CAAC,CAAC;IACvDT,OAAO,CAACC,GAAG,CAAC,gEAAgE,CAAC;EAC/E,CAAC,CAAC;AACJ,CAAC,CAAC","ignoreList":[]},"_coverageSchema":"1a1c01bbd47fc00a2c39e90264f33305004495a9","hash":"ab2befd2c04246c7aaaeb15303d6af3908ad4bce","contentHash":"c2f83e211c97739836f8e35d9a838fd00cda5de5bfa285f4570cabc573ac1d24"}}